<?xml version="1.0" encoding="UTF-8"?>
<!-- Generated by org.testng.reporters.JUnitReportReporter -->
<testsuite hostname="EN-MuktharM" name="com.muks.employee.EmployeeTests" tests="1" failures="0" timestamp="11 Jul 2016 12:09:08 GMT" time="0.007" errors="0">
  <testcase name="testMyFirst" time="0.007" classname="com.muks.employee.EmployeeTests"/>
</testsuite> <!-- com.muks.employee.EmployeeTests -->
